<?xml version="1.0" encoding="UTF-8"?>
<!-- Generated by org.testng.reporters.JUnitReportReporter -->
<testsuite hostname="DESKTOP-3783119" failures="0" tests="4" name="com.CrossBrowseTest.CrossBrowserDemo" time="40.778" errors="0" timestamp="2020-12-29T22:53:40 EST" skipped="0">
  <testcase classname="com.CrossBrowseTest.CrossBrowserDemo" name="launchApp" time="12.761"/>
  <system-out/>
  <testcase classname="com.CrossBrowseTest.CrossBrowserDemo" name="launchApp" time="4.969"/>
  <system-out/>
  <testcase classname="com.CrossBrowseTest.CrossBrowserDemo" name="launchApp" time="10.270"/>
  <system-out/>
  <testcase classname="com.CrossBrowseTest.CrossBrowserDemo" name="launchApp" time="12.778"/>
  <system-out/>
</testsuite> <!-- com.CrossBrowseTest.CrossBrowserDemo -->
